<?xml version="1.0" encoding="UTF-8"?>
<testsuite xmlns:xsi="http://www.w3.org/2001/XMLSchema-instance" xsi:noNamespaceSchemaLocation="https://maven.apache.org/surefire/maven-surefire-plugin/xsd/surefire-test-report-3.0.xsd" version="3.0" name="com.log_collector.java.BufferedReverseLineStreamTest" time="0.531" tests="3" errors="0" skipped="0" failures="0">
  <properties>
[...]
</properties>
  <testcase name="testReadEmptyFile" classname="com.log_collector.java.BufferedReverseLineStreamTest" time="0.283"/>
  <testcase name="testWithRandomChars" classname="com.log_collector.java.BufferedReverseLineStreamTest" time="0.133">
    <system-out><![CDATA[-61
]]></system-out>
  </testcase>
  <testcase name="testReadFile" classname="com.log_collector.java.BufferedReverseLineStreamTest" time="0.108"/>
</testsuite>